CRITICAL - 2022-04-15 02:07:03 --> Undefined variable $mahasiswa
#0 C:\xampp\htdocs\Mahasiswa\app\Views\tempat_view.php(35): CodeIgniter\Debug\Exceptions->errorHandler(2, 'Undefined varia...', 'C:\\xampp\\htdocs...', 35)
#1 C:\xampp\htdocs\Mahasiswa\system\View\View.php(210): include('C:\\xampp\\htdocs...')
#2 C:\xampp\htdocs\Mahasiswa\system\View\View.php(213): CodeIgniter\View\View->CodeIgniter\View\{closure}()
#3 C:\xampp\htdocs\Mahasiswa\system\Common.php(1089): CodeIgniter\View\View->render('tempat_view', Array, true)
#4 C:\xampp\htdocs\Mahasiswa\app\Controllers\Tempat.php(13): view('tempat_view', Array)
#5 C:\xampp\htdocs\Mahasiswa\system\CodeIgniter.php(832): App\Controllers\Tempat->index()
#6 C:\xampp\htdocs\Mahasiswa\system\CodeIgniter.php(419): CodeIgniter\CodeIgniter->runController(Object(App\Controllers\Tempat))
#7 C:\xampp\htdocs\Mahasiswa\system\CodeIgniter.php(326): CodeIgniter\CodeIgniter->handleRequest(NULL, Object(Config\Cache), false)
#8 C:\xampp\htdocs\Mahasiswa\public\index.php(37): CodeIgniter\CodeIgniter->run()
#9 {main}
CRITICAL - 2022-04-15 02:10:10 --> Deletes are not allowed unless they contain a "where" or "like" clause.
#0 C:\xampp\htdocs\Mahasiswa\system\Model.php(359): CodeIgniter\Database\BaseBuilder->delete()
#1 C:\xampp\htdocs\Mahasiswa\system\BaseModel.php(963): CodeIgniter\Model->doDelete(NULL, false)
#2 C:\xampp\htdocs\Mahasiswa\app\Controllers\Mahasiswa.php(76): CodeIgniter\BaseModel->delete()
#3 C:\xampp\htdocs\Mahasiswa\system\CodeIgniter.php(832): App\Controllers\Mahasiswa->delete()
#4 C:\xampp\htdocs\Mahasiswa\system\CodeIgniter.php(419): CodeIgniter\CodeIgniter->runController(Object(App\Controllers\Mahasiswa))
#5 C:\xampp\htdocs\Mahasiswa\system\CodeIgniter.php(326): CodeIgniter\CodeIgniter->handleRequest(NULL, Object(Config\Cache), false)
#6 C:\xampp\htdocs\Mahasiswa\public\index.php(37): CodeIgniter\CodeIgniter->run()
#7 {main}
CRITICAL - 2022-04-15 02:57:03 --> Undefined variable $mahasiswa
#0 C:\xampp\htdocs\Mahasiswa\app\Views\tempat_view.php(35): CodeIgniter\Debug\Exceptions->errorHandler(2, 'Undefined varia...', 'C:\\xampp\\htdocs...', 35)
#1 C:\xampp\htdocs\Mahasiswa\system\View\View.php(210): include('C:\\xampp\\htdocs...')
#2 C:\xampp\htdocs\Mahasiswa\system\View\View.php(213): CodeIgniter\View\View->CodeIgniter\View\{closure}()
#3 C:\xampp\htdocs\Mahasiswa\system\Common.php(1089): CodeIgniter\View\View->render('tempat_view', Array, true)
#4 C:\xampp\htdocs\Mahasiswa\app\Controllers\Tempat.php(13): view('tempat_view', Array)
#5 C:\xampp\htdocs\Mahasiswa\system\CodeIgniter.php(832): App\Controllers\Tempat->index()
#6 C:\xampp\htdocs\Mahasiswa\system\CodeIgniter.php(419): CodeIgniter\CodeIgniter->runController(Object(App\Controllers\Tempat))
#7 C:\xampp\htdocs\Mahasiswa\system\CodeIgniter.php(326): CodeIgniter\CodeIgniter->handleRequest(NULL, Object(Config\Cache), false)
#8 C:\xampp\htdocs\Mahasiswa\public\index.php(37): CodeIgniter\CodeIgniter->run()
#9 {main}
